c:\users\terence\documents\school\winter 2021\vgp122 - programming fundamentals 1\assignments\assignment 3\sdl_blackjack\debug\vc142.pdb
c:\users\terence\documents\school\winter 2021\vgp122 - programming fundamentals 1\assignments\assignment 3\sdl_blackjack\debug\vc142.idb
c:\users\terence\documents\school\winter 2021\vgp122 - programming fundamentals 1\assignments\assignment 3\sdl_blackjack\debug\user.obj
c:\users\terence\documents\school\winter 2021\vgp122 - programming fundamentals 1\assignments\assignment 3\sdl_blackjack\debug\texttexture.obj
c:\users\terence\documents\school\winter 2021\vgp122 - programming fundamentals 1\assignments\assignment 3\sdl_blackjack\debug\player.obj
c:\users\terence\documents\school\winter 2021\vgp122 - programming fundamentals 1\assignments\assignment 3\sdl_blackjack\debug\helper.obj
c:\users\terence\documents\school\winter 2021\vgp122 - programming fundamentals 1\assignments\assignment 3\sdl_blackjack\debug\game.obj
c:\users\terence\documents\school\winter 2021\vgp122 - programming fundamentals 1\assignments\assignment 3\sdl_blackjack\debug\deck.obj
c:\users\terence\documents\school\winter 2021\vgp122 - programming fundamentals 1\assignments\assignment 3\sdl_blackjack\debug\dealer.obj
c:\users\terence\documents\school\winter 2021\vgp122 - programming fundamentals 1\assignments\assignment 3\sdl_blackjack\debug\card.obj
c:\users\terence\documents\school\winter 2021\vgp122 - programming fundamentals 1\assignments\assignment 3\sdl_blackjack\debug\main.obj
c:\users\terence\documents\school\winter 2021\vgp122 - programming fundamentals 1\assignments\assignment 3\sdl_blackjack\debug\sdl_blackjack.exe
c:\users\terence\documents\school\winter 2021\vgp122 - programming fundamentals 1\assignments\assignment 3\sdl_blackjack\debug\sdl_blackjack.ilk
c:\users\terence\documents\school\winter 2021\vgp122 - programming fundamentals 1\assignments\assignment 3\sdl_blackjack\debug\sdl_blackjack.pdb
c:\users\terence\documents\school\winter 2021\vgp122 - programming fundamentals 1\assignments\assignment 3\sdl_blackjack\debug\sdl_blackjack.tlog\cl.command.1.tlog
c:\users\terence\documents\school\winter 2021\vgp122 - programming fundamentals 1\assignments\assignment 3\sdl_blackjack\debug\sdl_blackjack.tlog\cl.read.1.tlog
c:\users\terence\documents\school\winter 2021\vgp122 - programming fundamentals 1\assignments\assignment 3\sdl_blackjack\debug\sdl_blackjack.tlog\cl.write.1.tlog
c:\users\terence\documents\school\winter 2021\vgp122 - programming fundamentals 1\assignments\assignment 3\sdl_blackjack\debug\sdl_blackjack.tlog\link.command.1.tlog
c:\users\terence\documents\school\winter 2021\vgp122 - programming fundamentals 1\assignments\assignment 3\sdl_blackjack\debug\sdl_blackjack.tlog\link.read.1.tlog
c:\users\terence\documents\school\winter 2021\vgp122 - programming fundamentals 1\assignments\assignment 3\sdl_blackjack\debug\sdl_blackjack.tlog\link.write.1.tlog
